2018-11-20 23:36:07.633  INFO 56407 --- [restartedMain] hello.Application                        : Starting Application on whjdeMacBook-Pro.local with PID 56407 (/Users/whj/code/springboot/springboot-main/target/classes started by whj in /Users/whj/code/springboot)
2018-11-20 23:36:07.636  INFO 56407 --- [restartedMain] hello.Application                        : No active profile set, falling back to default profiles: default
2018-11-20 23:36:07.730  INFO 56407 --- [restartedMain] ConfigServletWebServerApplicationContext : Refreshing org.springframework.boot.web.servlet.context.AnnotationConfigServletWebServerApplicationContext@102f13b6: startup date [Tue Nov 20 23:36:07 CST 2018]; root of context hierarchy
2018-11-20 23:36:09.335  INFO 56407 --- [restartedMain] o.s.b.w.embedded.tomcat.TomcatWebServer  : Tomcat initialized with port(s): 8080 (http)
2018-11-20 23:36:09.360  INFO 56407 --- [restartedMain] o.apache.catalina.core.StandardService   : Starting service [Tomcat]
2018-11-20 23:36:09.360  INFO 56407 --- [restartedMain] org.apache.catalina.core.StandardEngine  : Starting Servlet Engine: Apache Tomcat/8.5.34
2018-11-20 23:36:09.363  INFO 56407 --- [localhost-startStop-1] o.a.catalina.core.AprLifecycleListener   : The APR based Apache Tomcat Native library which allows optimal performance in production environments was not found on the java.library.path: [/Users/whj/Library/Java/Extensions:/Library/Java/Extensions:/Network/Library/Java/Extensions:/System/Library/Java/Extensions:/usr/lib/java:.]
2018-11-20 23:36:09.436  INFO 56407 --- [localhost-startStop-1] o.a.c.c.C.[Tomcat].[localhost].[/]       : Initializing Spring embedded WebApplicationContext
2018-11-20 23:36:09.436  INFO 56407 --- [localhost-startStop-1] o.s.web.context.ContextLoader            : Root WebApplicationContext: initialization completed in 1706 ms
2018-11-20 23:36:09.495  INFO 56407 --- [localhost-startStop-1] o.s.b.w.servlet.FilterRegistrationBean   : Mapping filter: 'characterEncodingFilter' to: [/*]
2018-11-20 23:36:09.495  INFO 56407 --- [localhost-startStop-1] o.s.b.w.servlet.FilterRegistrationBean   : Mapping filter: 'hiddenHttpMethodFilter' to: [/*]
2018-11-20 23:36:09.496  INFO 56407 --- [localhost-startStop-1] o.s.b.w.servlet.FilterRegistrationBean   : Mapping filter: 'httpPutFormContentFilter' to: [/*]
2018-11-20 23:36:09.496  INFO 56407 --- [localhost-startStop-1] o.s.b.w.servlet.FilterRegistrationBean   : Mapping filter: 'requestContextFilter' to: [/*]
2018-11-20 23:36:09.496  INFO 56407 --- [localhost-startStop-1] .s.DelegatingFilterProxyRegistrationBean : Mapping filter: 'springSecurityFilterChain' to: [/*]
2018-11-20 23:36:09.497  INFO 56407 --- [localhost-startStop-1] o.s.b.w.servlet.ServletRegistrationBean  : Servlet dispatcherServlet mapped to [/]
2018-11-20 23:36:09.754  INFO 56407 --- [restartedMain] o.s.w.s.handler.SimpleUrlHandlerMapping  : Mapped URL path [/**/favicon.ico] onto handler of type [class org.springframework.web.servlet.resource.ResourceHttpRequestHandler]
2018-11-20 23:36:09.942  INFO 56407 --- [restartedMain] s.w.s.m.m.a.RequestMappingHandlerAdapter : Looking for @ControllerAdvice: org.springframework.boot.web.servlet.context.AnnotationConfigServletWebServerApplicationContext@102f13b6: startup date [Tue Nov 20 23:36:07 CST 2018]; root of context hierarchy
2018-11-20 23:36:09.995  INFO 56407 --- [restartedMain] s.w.s.m.m.a.RequestMappingHandlerMapping : Mapped "{[/jdbc]}" onto public java.util.List<java.util.Map<java.lang.String, java.lang.Object>> hello.GreetingController.jdbc()
2018-11-20 23:36:09.997  INFO 56407 --- [restartedMain] s.w.s.m.m.a.RequestMappingHandlerMapping : Mapped "{[/greeting]}" onto public hello.Greeting hello.GreetingController.greeting(java.lang.String)
2018-11-20 23:36:09.997  INFO 56407 --- [restartedMain] s.w.s.m.m.a.RequestMappingHandlerMapping : Mapped "{[/user/{id}]}" onto public hello.domain.user.User hello.GreetingController.queryUserById(long)
2018-11-20 23:36:09.997  INFO 56407 --- [restartedMain] s.w.s.m.m.a.RequestMappingHandlerMapping : Mapped "{[/users]}" onto public java.util.List<hello.domain.user.User> hello.GreetingController.queryAllUser()
2018-11-20 23:36:09.999  INFO 56407 --- [restartedMain] s.w.s.m.m.a.RequestMappingHandlerMapping : Mapped "{[/error]}" onto public org.springframework.http.ResponseEntity<java.util.Map<java.lang.String, java.lang.Object>> org.springframework.boot.autoconfigure.web.servlet.error.BasicErrorController.error(javax.servlet.http.HttpServletRequest)
2018-11-20 23:36:10.000  INFO 56407 --- [restartedMain] s.w.s.m.m.a.RequestMappingHandlerMapping : Mapped "{[/error],produces=[text/html]}" onto public org.springframework.web.servlet.ModelAndView org.springframework.boot.autoconfigure.web.servlet.error.BasicErrorController.errorHtml(javax.servlet.http.HttpServletRequest,javax.servlet.http.HttpServletResponse)
2018-11-20 23:36:10.017  INFO 56407 --- [restartedMain] o.s.w.s.handler.SimpleUrlHandlerMapping  : Mapped URL path [/webjars/**] onto handler of type [class org.springframework.web.servlet.resource.ResourceHttpRequestHandler]
2018-11-20 23:36:10.018  INFO 56407 --- [restartedMain] o.s.w.s.handler.SimpleUrlHandlerMapping  : Mapped URL path [/**] onto handler of type [class org.springframework.web.servlet.resource.ResourceHttpRequestHandler]
2018-11-20 23:36:10.147  INFO 56407 --- [restartedMain] o.s.b.a.w.s.WelcomePageHandlerMapping    : Adding welcome page: class path resource [static/index.html]
2018-11-20 23:36:10.315  INFO 56407 --- [restartedMain] .s.s.UserDetailsServiceAutoConfiguration : 

Using generated security password: 380b317a-a80d-4464-b8db-97deb4dce3a8

2018-11-20 23:36:10.465  INFO 56407 --- [restartedMain] o.s.s.web.DefaultSecurityFilterChain     : Creating filter chain: org.springframework.security.web.util.matcher.AnyRequestMatcher@1, [org.springframework.security.web.context.request.async.WebAsyncManagerIntegrationFilter@43546188, org.springframework.security.web.context.SecurityContextPersistenceFilter@36958c6, org.springframework.security.web.header.HeaderWriterFilter@45a6af88, org.springframework.security.web.csrf.CsrfFilter@4c287a2d, org.springframework.security.web.authentication.logout.LogoutFilter@52754806, org.springframework.security.web.authentication.UsernamePasswordAuthenticationFilter@4ddd3408, org.springframework.security.web.authentication.ui.DefaultLoginPageGeneratingFilter@70e04c, org.springframework.security.web.authentication.www.BasicAuthenticationFilter@5c718d68, org.springframework.security.web.savedrequest.RequestCacheAwareFilter@5a8db01b, org.springframework.security.web.servletapi.SecurityContextHolderAwareRequestFilter@74868b5f, org.springframework.security.web.authentication.AnonymousAuthenticationFilter@4c69263b, org.springframework.security.web.session.SessionManagementFilter@58f3b203, org.springframework.security.web.access.ExceptionTranslationFilter@45725bf5, org.springframework.security.web.access.intercept.FilterSecurityInterceptor@67c26849]
2018-11-20 23:36:10.542  INFO 56407 --- [restartedMain] o.s.b.d.a.OptionalLiveReloadServer       : LiveReload server is running on port 35729
2018-11-20 23:36:10.571  INFO 56407 --- [restartedMain] o.s.j.e.a.AnnotationMBeanExporter        : Registering beans for JMX exposure on startup
2018-11-20 23:36:10.573  INFO 56407 --- [restartedMain] o.s.j.e.a.AnnotationMBeanExporter        : Bean with name 'dataSource' has been autodetected for JMX exposure
2018-11-20 23:36:10.578  INFO 56407 --- [restartedMain] o.s.j.e.a.AnnotationMBeanExporter        : Located MBean 'dataSource': registering with JMX server as MBean [com.zaxxer.hikari:name=dataSource,type=HikariDataSource]
2018-11-20 23:36:10.628  INFO 56407 --- [restartedMain] o.s.b.w.embedded.tomcat.TomcatWebServer  : Tomcat started on port(s): 8080 (http) with context path ''
2018-11-20 23:36:10.631  INFO 56407 --- [restartedMain] hello.Application                        : Started Application in 4.047 seconds (JVM running for 5.606)
2018-11-20 23:36:19.364  INFO 56407 --- [http-nio-8080-exec-1] o.a.c.c.C.[Tomcat].[localhost].[/]       : Initializing Spring FrameworkServlet 'dispatcherServlet'
2018-11-20 23:36:19.364  INFO 56407 --- [http-nio-8080-exec-1] o.s.web.servlet.DispatcherServlet        : FrameworkServlet 'dispatcherServlet': initialization started
2018-11-20 23:36:19.383  INFO 56407 --- [http-nio-8080-exec-1] o.s.web.servlet.DispatcherServlet        : FrameworkServlet 'dispatcherServlet': initialization completed in 19 ms
2018-11-20 23:36:22.883  INFO 56407 --- [http-nio-8080-exec-4] com.zaxxer.hikari.HikariDataSource       : HikariPool-1 - Starting...
2018-11-20 23:36:23.070  INFO 56407 --- [http-nio-8080-exec-4] com.zaxxer.hikari.HikariDataSource       : HikariPool-1 - Start completed.
2018-11-20 23:38:45.674  INFO 56407 --- [Thread-15] ConfigServletWebServerApplicationContext : Closing org.springframework.boot.web.servlet.context.AnnotationConfigServletWebServerApplicationContext@102f13b6: startup date [Tue Nov 20 23:36:07 CST 2018]; root of context hierarchy
2018-11-20 23:38:45.699  INFO 56407 --- [Thread-15] o.s.j.e.a.AnnotationMBeanExporter        : Unregistering JMX-exposed beans on shutdown
2018-11-20 23:38:45.700  INFO 56407 --- [Thread-15] o.s.j.e.a.AnnotationMBeanExporter        : Unregistering JMX-exposed beans
2018-11-20 23:38:45.702  INFO 56407 --- [Thread-15] com.zaxxer.hikari.HikariDataSource       : HikariPool-1 - Shutdown initiated...
2018-11-20 23:38:45.715  INFO 56407 --- [Thread-15] com.zaxxer.hikari.HikariDataSource       : HikariPool-1 - Shutdown completed.
2018-11-20 23:38:46.320  INFO 56407 --- [restartedMain] hello.Application                        : Starting Application on whjdeMacBook-Pro.local with PID 56407 (/Users/whj/code/springboot/springboot-main/target/classes started by whj in /Users/whj/code/springboot)
2018-11-20 23:38:46.320  INFO 56407 --- [restartedMain] hello.Application                        : No active profile set, falling back to default profiles: default
2018-11-20 23:38:46.326  INFO 56407 --- [restartedMain] ConfigServletWebServerApplicationContext : Refreshing org.springframework.boot.web.servlet.context.AnnotationConfigServletWebServerApplicationContext@7de3af75: startup date [Tue Nov 20 23:38:46 CST 2018]; root of context hierarchy
2018-11-20 23:38:47.261  INFO 56407 --- [restartedMain] o.s.b.w.embedded.tomcat.TomcatWebServer  : Tomcat initialized with port(s): 8080 (http)
2018-11-20 23:38:47.264  INFO 56407 --- [restartedMain] o.apache.catalina.core.StandardService   : Starting service [Tomcat]
2018-11-20 23:38:47.264  INFO 56407 --- [restartedMain] org.apache.catalina.core.StandardEngine  : Starting Servlet Engine: Apache Tomcat/8.5.34
2018-11-20 23:38:47.274  INFO 56407 --- [localhost-startStop-1] o.a.c.c.C.[Tomcat].[localhost].[/]       : Initializing Spring embedded WebApplicationContext
2018-11-20 23:38:47.275  INFO 56407 --- [localhost-startStop-1] o.s.web.context.ContextLoader            : Root WebApplicationContext: initialization completed in 949 ms
2018-11-20 23:38:47.297  INFO 56407 --- [localhost-startStop-1] o.s.b.w.servlet.FilterRegistrationBean   : Mapping filter: 'characterEncodingFilter' to: [/*]
2018-11-20 23:38:47.297  INFO 56407 --- [localhost-startStop-1] o.s.b.w.servlet.FilterRegistrationBean   : Mapping filter: 'hiddenHttpMethodFilter' to: [/*]
2018-11-20 23:38:47.298  INFO 56407 --- [localhost-startStop-1] o.s.b.w.servlet.FilterRegistrationBean   : Mapping filter: 'httpPutFormContentFilter' to: [/*]
2018-11-20 23:38:47.298  INFO 56407 --- [localhost-startStop-1] o.s.b.w.servlet.FilterRegistrationBean   : Mapping filter: 'requestContextFilter' to: [/*]
2018-11-20 23:38:47.298  INFO 56407 --- [localhost-startStop-1] .s.DelegatingFilterProxyRegistrationBean : Mapping filter: 'springSecurityFilterChain' to: [/*]
2018-11-20 23:38:47.298  INFO 56407 --- [localhost-startStop-1] o.s.b.w.servlet.ServletRegistrationBean  : Servlet dispatcherServlet mapped to [/]
2018-11-20 23:38:47.387  INFO 56407 --- [restartedMain] o.s.w.s.handler.SimpleUrlHandlerMapping  : Mapped URL path [/**/favicon.ico] onto handler of type [class org.springframework.web.servlet.resource.ResourceHttpRequestHandler]
2018-11-20 23:38:47.437  INFO 56407 --- [restartedMain] s.w.s.m.m.a.RequestMappingHandlerAdapter : Looking for @ControllerAdvice: org.springframework.boot.web.servlet.context.AnnotationConfigServletWebServerApplicationContext@7de3af75: startup date [Tue Nov 20 23:38:46 CST 2018]; root of context hierarchy
2018-11-20 23:38:47.449  INFO 56407 --- [restartedMain] s.w.s.m.m.a.RequestMappingHandlerMapping : Mapped "{[/jdbc]}" onto public java.util.List<java.util.Map<java.lang.String, java.lang.Object>> hello.GreetingController.jdbc()
2018-11-20 23:38:47.450  INFO 56407 --- [restartedMain] s.w.s.m.m.a.RequestMappingHandlerMapping : Mapped "{[/greeting]}" onto public hello.Greeting hello.GreetingController.greeting(java.lang.String)
2018-11-20 23:38:47.450  INFO 56407 --- [restartedMain] s.w.s.m.m.a.RequestMappingHandlerMapping : Mapped "{[/user/{id}]}" onto public hello.domain.user.User hello.GreetingController.queryUserById(long)
2018-11-20 23:38:47.451  INFO 56407 --- [restartedMain] s.w.s.m.m.a.RequestMappingHandlerMapping : Mapped "{[/users]}" onto public java.util.List<hello.domain.user.User> hello.GreetingController.queryAllUser()
2018-11-20 23:38:47.454  INFO 56407 --- [restartedMain] s.w.s.m.m.a.RequestMappingHandlerMapping : Mapped "{[/error]}" onto public org.springframework.http.ResponseEntity<java.util.Map<java.lang.String, java.lang.Object>> org.springframework.boot.autoconfigure.web.servlet.error.BasicErrorController.error(javax.servlet.http.HttpServletRequest)
2018-11-20 23:38:47.455  INFO 56407 --- [restartedMain] s.w.s.m.m.a.RequestMappingHandlerMapping : Mapped "{[/error],produces=[text/html]}" onto public org.springframework.web.servlet.ModelAndView org.springframework.boot.autoconfigure.web.servlet.error.BasicErrorController.errorHtml(javax.servlet.http.HttpServletRequest,javax.servlet.http.HttpServletResponse)
2018-11-20 23:38:47.471  INFO 56407 --- [restartedMain] o.s.w.s.handler.SimpleUrlHandlerMapping  : Mapped URL path [/webjars/**] onto handler of type [class org.springframework.web.servlet.resource.ResourceHttpRequestHandler]
2018-11-20 23:38:47.472  INFO 56407 --- [restartedMain] o.s.w.s.handler.SimpleUrlHandlerMapping  : Mapped URL path [/**] onto handler of type [class org.springframework.web.servlet.resource.ResourceHttpRequestHandler]
2018-11-20 23:38:47.487  INFO 56407 --- [restartedMain] o.s.b.a.w.s.WelcomePageHandlerMapping    : Adding welcome page: class path resource [static/index.html]
2018-11-20 23:38:47.543  INFO 56407 --- [restartedMain] .s.s.UserDetailsServiceAutoConfiguration : 

Using generated security password: a32b910f-b825-4ebc-afec-be528f8bedd1

2018-11-20 23:38:47.557  INFO 56407 --- [restartedMain] o.s.s.web.DefaultSecurityFilterChain     : Creating filter chain: org.springframework.security.web.util.matcher.AnyRequestMatcher@1, [org.springframework.security.web.context.request.async.WebAsyncManagerIntegrationFilter@4d2a124f, org.springframework.security.web.context.SecurityContextPersistenceFilter@13c6d896, org.springframework.security.web.header.HeaderWriterFilter@14d4b3c2, org.springframework.security.web.csrf.CsrfFilter@5c283e97, org.springframework.security.web.authentication.logout.LogoutFilter@19dfd90c, org.springframework.security.web.authentication.UsernamePasswordAuthenticationFilter@202bd754, org.springframework.security.web.authentication.ui.DefaultLoginPageGeneratingFilter@3c78b47d, org.springframework.security.web.authentication.www.BasicAuthenticationFilter@2708cc2f, org.springframework.security.web.savedrequest.RequestCacheAwareFilter@3f2ced4f, org.springframework.security.web.servletapi.SecurityContextHolderAwareRequestFilter@ed713cb, org.springframework.security.web.authentication.AnonymousAuthenticationFilter@45e14592, org.springframework.security.web.session.SessionManagementFilter@e878357, org.springframework.security.web.access.ExceptionTranslationFilter@4bcce140, org.springframework.security.web.access.intercept.FilterSecurityInterceptor@69ec25f5]
2018-11-20 23:38:47.579  INFO 56407 --- [restartedMain] o.s.b.d.a.OptionalLiveReloadServer       : LiveReload server is running on port 35729
2018-11-20 23:38:47.602  INFO 56407 --- [restartedMain] o.s.j.e.a.AnnotationMBeanExporter        : Registering beans for JMX exposure on startup
2018-11-20 23:38:47.605  INFO 56407 --- [restartedMain] o.s.j.e.a.AnnotationMBeanExporter        : Bean with name 'dataSource' has been autodetected for JMX exposure
2018-11-20 23:38:47.612  INFO 56407 --- [restartedMain] o.s.j.e.a.AnnotationMBeanExporter        : Located MBean 'dataSource': registering with JMX server as MBean [com.zaxxer.hikari:name=dataSource,type=HikariDataSource]
2018-11-20 23:38:47.619  INFO 56407 --- [restartedMain] o.s.b.w.embedded.tomcat.TomcatWebServer  : Tomcat started on port(s): 8080 (http) with context path ''
2018-11-20 23:38:47.620  INFO 56407 --- [restartedMain] hello.Application                        : Started Application in 1.347 seconds (JVM running for 162.593)
2018-11-20 23:38:47.623  INFO 56407 --- [restartedMain] .ConditionEvaluationDeltaLoggingListener : Condition evaluation unchanged
2018-11-20 23:39:20.656  INFO 56407 --- [Thread-23] ConfigServletWebServerApplicationContext : Closing org.springframework.boot.web.servlet.context.AnnotationConfigServletWebServerApplicationContext@7de3af75: startup date [Tue Nov 20 23:38:46 CST 2018]; root of context hierarchy
2018-11-20 23:39:20.659  INFO 56407 --- [Thread-23] o.s.j.e.a.AnnotationMBeanExporter        : Unregistering JMX-exposed beans on shutdown
2018-11-20 23:39:20.660  INFO 56407 --- [Thread-23] o.s.j.e.a.AnnotationMBeanExporter        : Unregistering JMX-exposed beans
2018-11-20 23:39:20.922  INFO 56407 --- [restartedMain] hello.Application                        : Starting Application on whjdeMacBook-Pro.local with PID 56407 (/Users/whj/code/springboot/springboot-main/target/classes started by whj in /Users/whj/code/springboot)
2018-11-20 23:39:20.923  INFO 56407 --- [restartedMain] hello.Application                        : No active profile set, falling back to default profiles: default
2018-11-20 23:39:20.925  INFO 56407 --- [restartedMain] ConfigServletWebServerApplicationContext : Refreshing org.springframework.boot.web.servlet.context.AnnotationConfigServletWebServerApplicationContext@5d459389: startup date [Tue Nov 20 23:39:20 CST 2018]; root of context hierarchy
2018-11-20 23:39:21.356  INFO 56407 --- [restartedMain] o.s.b.w.embedded.tomcat.TomcatWebServer  : Tomcat initialized with port(s): 8080 (http)
2018-11-20 23:39:21.357  INFO 56407 --- [restartedMain] o.apache.catalina.core.StandardService   : Starting service [Tomcat]
2018-11-20 23:39:21.357  INFO 56407 --- [restartedMain] org.apache.catalina.core.StandardEngine  : Starting Servlet Engine: Apache Tomcat/8.5.34
2018-11-20 23:39:21.366  INFO 56407 --- [localhost-startStop-1] o.a.c.c.C.[Tomcat].[localhost].[/]       : Initializing Spring embedded WebApplicationContext
2018-11-20 23:39:21.376  INFO 56407 --- [localhost-startStop-1] o.s.web.context.ContextLoader            : Root WebApplicationContext: initialization completed in 451 ms
2018-11-20 23:39:21.394  INFO 56407 --- [localhost-startStop-1] o.s.b.w.servlet.FilterRegistrationBean   : Mapping filter: 'characterEncodingFilter' to: [/*]
2018-11-20 23:39:21.394  INFO 56407 --- [localhost-startStop-1] o.s.b.w.servlet.FilterRegistrationBean   : Mapping filter: 'hiddenHttpMethodFilter' to: [/*]
2018-11-20 23:39:21.394  INFO 56407 --- [localhost-startStop-1] o.s.b.w.servlet.FilterRegistrationBean   : Mapping filter: 'httpPutFormContentFilter' to: [/*]
2018-11-20 23:39:21.395  INFO 56407 --- [localhost-startStop-1] o.s.b.w.servlet.FilterRegistrationBean   : Mapping filter: 'requestContextFilter' to: [/*]
2018-11-20 23:39:21.395  INFO 56407 --- [localhost-startStop-1] .s.DelegatingFilterProxyRegistrationBean : Mapping filter: 'springSecurityFilterChain' to: [/*]
2018-11-20 23:39:21.395  INFO 56407 --- [localhost-startStop-1] o.s.b.w.servlet.ServletRegistrationBean  : Servlet dispatcherServlet mapped to [/]
2018-11-20 23:39:21.475  INFO 56407 --- [restartedMain] o.s.w.s.handler.SimpleUrlHandlerMapping  : Mapped URL path [/**/favicon.ico] onto handler of type [class org.springframework.web.servlet.resource.ResourceHttpRequestHandler]
2018-11-20 23:39:21.534  INFO 56407 --- [restartedMain] s.w.s.m.m.a.RequestMappingHandlerAdapter : Looking for @ControllerAdvice: org.springframework.boot.web.servlet.context.AnnotationConfigServletWebServerApplicationContext@5d459389: startup date [Tue Nov 20 23:39:20 CST 2018]; root of context hierarchy
2018-11-20 23:39:21.545  INFO 56407 --- [restartedMain] s.w.s.m.m.a.RequestMappingHandlerMapping : Mapped "{[/jdbc]}" onto public java.util.List<java.util.Map<java.lang.String, java.lang.Object>> hello.GreetingController.jdbc()
2018-11-20 23:39:21.547  INFO 56407 --- [restartedMain] s.w.s.m.m.a.RequestMappingHandlerMapping : Mapped "{[/greeting]}" onto public hello.Greeting hello.GreetingController.greeting(java.lang.String)
2018-11-20 23:39:21.548  INFO 56407 --- [restartedMain] s.w.s.m.m.a.RequestMappingHandlerMapping : Mapped "{[/user/{id}]}" onto public hello.domain.user.User hello.GreetingController.queryUserById(long)
2018-11-20 23:39:21.552  INFO 56407 --- [restartedMain] s.w.s.m.m.a.RequestMappingHandlerMapping : Mapped "{[/users]}" onto public java.util.List<hello.domain.user.User> hello.GreetingController.queryAllUser()
2018-11-20 23:39:21.557  INFO 56407 --- [restartedMain] s.w.s.m.m.a.RequestMappingHandlerMapping : Mapped "{[/error]}" onto public org.springframework.http.ResponseEntity<java.util.Map<java.lang.String, java.lang.Object>> org.springframework.boot.autoconfigure.web.servlet.error.BasicErrorController.error(javax.servlet.http.HttpServletRequest)
2018-11-20 23:39:21.558  INFO 56407 --- [restartedMain] s.w.s.m.m.a.RequestMappingHandlerMapping : Mapped "{[/error],produces=[text/html]}" onto public org.springframework.web.servlet.ModelAndView org.springframework.boot.autoconfigure.web.servlet.error.BasicErrorController.errorHtml(javax.servlet.http.HttpServletRequest,javax.servlet.http.HttpServletResponse)
2018-11-20 23:39:21.572  INFO 56407 --- [restartedMain] o.s.w.s.handler.SimpleUrlHandlerMapping  : Mapped URL path [/webjars/**] onto handler of type [class org.springframework.web.servlet.resource.ResourceHttpRequestHandler]
2018-11-20 23:39:21.572  INFO 56407 --- [restartedMain] o.s.w.s.handler.SimpleUrlHandlerMapping  : Mapped URL path [/**] onto handler of type [class org.springframework.web.servlet.resource.ResourceHttpRequestHandler]
2018-11-20 23:39:21.595  INFO 56407 --- [restartedMain] o.s.b.a.w.s.WelcomePageHandlerMapping    : Adding welcome page: class path resource [static/index.html]
2018-11-20 23:39:21.631  INFO 56407 --- [restartedMain] .s.s.UserDetailsServiceAutoConfiguration : 

Using generated security password: 4a000f34-528c-47cf-b48c-05b72156b4cb

2018-11-20 23:39:21.642  INFO 56407 --- [restartedMain] o.s.s.web.DefaultSecurityFilterChain     : Creating filter chain: org.springframework.security.web.util.matcher.AnyRequestMatcher@1, [org.springframework.security.web.context.request.async.WebAsyncManagerIntegrationFilter@74af59be, org.springframework.security.web.context.SecurityContextPersistenceFilter@43ef1226, org.springframework.security.web.header.HeaderWriterFilter@73ce656d, org.springframework.security.web.csrf.CsrfFilter@63bf2a62, org.springframework.security.web.authentication.logout.LogoutFilter@5165f65f, org.springframework.security.web.authentication.UsernamePasswordAuthenticationFilter@25c9b84c, org.springframework.security.web.authentication.ui.DefaultLoginPageGeneratingFilter@6aa0b70f, org.springframework.security.web.authentication.www.BasicAuthenticationFilter@540e8604, org.springframework.security.web.savedrequest.RequestCacheAwareFilter@7db18b19, org.springframework.security.web.servletapi.SecurityContextHolderAwareRequestFilter@7d547ccf, org.springframework.security.web.authentication.AnonymousAuthenticationFilter@64ccc3de, org.springframework.security.web.session.SessionManagementFilter@5919df5d, org.springframework.security.web.access.ExceptionTranslationFilter@51adf9a3, org.springframework.security.web.access.intercept.FilterSecurityInterceptor@6f4ff792]
2018-11-20 23:39:21.677  INFO 56407 --- [restartedMain] o.s.b.d.a.OptionalLiveReloadServer       : LiveReload server is running on port 35729
2018-11-20 23:39:21.713  INFO 56407 --- [restartedMain] o.s.j.e.a.AnnotationMBeanExporter        : Registering beans for JMX exposure on startup
2018-11-20 23:39:21.713  INFO 56407 --- [restartedMain] o.s.j.e.a.AnnotationMBeanExporter        : Bean with name 'dataSource' has been autodetected for JMX exposure
2018-11-20 23:39:21.717  INFO 56407 --- [restartedMain] o.s.j.e.a.AnnotationMBeanExporter        : Located MBean 'dataSource': registering with JMX server as MBean [com.zaxxer.hikari:name=dataSource,type=HikariDataSource]
2018-11-20 23:39:21.724  INFO 56407 --- [restartedMain] o.s.b.w.embedded.tomcat.TomcatWebServer  : Tomcat started on port(s): 8080 (http) with context path ''
2018-11-20 23:39:21.725  INFO 56407 --- [restartedMain] hello.Application                        : Started Application in 0.839 seconds (JVM running for 196.697)
2018-11-20 23:39:21.727  INFO 56407 --- [restartedMain] .ConditionEvaluationDeltaLoggingListener : Condition evaluation unchanged
2018-11-20 23:42:32.629  INFO 56407 --- [Thread-34] ConfigServletWebServerApplicationContext : Closing org.springframework.boot.web.servlet.context.AnnotationConfigServletWebServerApplicationContext@5d459389: startup date [Tue Nov 20 23:39:20 CST 2018]; root of context hierarchy
2018-11-20 23:42:32.632  INFO 56407 --- [Thread-34] o.s.j.e.a.AnnotationMBeanExporter        : Unregistering JMX-exposed beans on shutdown
2018-11-20 23:42:32.632  INFO 56407 --- [Thread-34] o.s.j.e.a.AnnotationMBeanExporter        : Unregistering JMX-exposed beans
